Using pre-set license
Built from '2020.3/release' branch; Version is '2020.3.1f1 (77a89f25062f) revision 7841951'; Using compiler version '192528614'; Build Type 'Release'
OS: 'Windows 10 Home; OS build 19042.1110; Version 2009; 64bit' Language: 'en' Physical Memory: 15774 MB
BatchMode: 1, IsHumanControllingUs: 0, StartBugReporterOnCrash: 0, Is64bit: 1, IsPro: 0

 COMMAND LINE ARGUMENTS:
C:\Program Files\Unity\Hub\Editor\2020.3.1f1\Editor\Unity.exe
-adb2
-batchMode
-noUpm
-name
AssetImportWorker0
-projectPath
C:/Users/Philip/Desktop/Github/MPIE/pyiron_VR
-logFile
Logs/AssetImportWorker0.log
-srvPort
64092
Successfully changed project path to: C:/Users/Philip/Desktop/Github/MPIE/pyiron_VR
C:/Users/Philip/Desktop/Github/MPIE/pyiron_VR
Using Asset Import Pipeline V2.
Refreshing native plugins compatible for Editor in 86.09 ms, found 3 plugins.
Preloading 1 native plugins for Editor in 2.52 ms.
Initialize engine version: 2020.3.1f1 (77a89f25062f)
[Subsystems] Discovering subsystems at path C:/Program Files/Unity/Hub/Editor/2020.3.1f1/Editor/Data/Resources/UnitySubsystems
[Subsystems] Discovering subsystems at path C:/Users/Philip/Desktop/Github/MPIE/pyiron_VR/Assets
GfxDevice: creating device client; threaded=0
Direct3D:
    Version:  Direct3D 11.0 [level 11.1]
    Renderer: NVIDIA GeForce RTX 3070 Laptop GPU (ID=0x249d)
    Vendor:   
    VRAM:     8044 MB
    Driver:   27.21.14.6259
Shader 'Oculus/OVRMRCameraFrameLit': fallback shader 'Alpha-Diffuse' not found
Initialize mono
Mono path[0] = 'C:/Program Files/Unity/Hub/Editor/2020.3.1f1/Editor/Data/Managed'
Mono path[1] = 'C:/Program Files/Unity/Hub/Editor/2020.3.1f1/Editor/Data/MonoBleedingEdge/lib/mono/unityjit'
Mono config path = 'C:/Program Files/Unity/Hub/Editor/2020.3.1f1/Editor/Data/MonoBleedingEdge/etc'
Using monoOptions --debugger-agent=transport=dt_socket,embedding=1,server=y,suspend=n,address=127.0.0.1:56636
Begin MonoManager ReloadAssembly
Registering precompiled unity dll's ...
Register platform support module: C:/Program Files/Unity/Hub/Editor/2020.3.1f1/Editor/Data/PlaybackEngines/WindowsStandaloneSupport/UnityEditor.WindowsStandalone.Extensions.dll
Registered in 0.002636 seconds.
Native extension for WindowsStandalone target not found
Refreshing native plugins compatible for Editor in 60.71 ms, found 3 plugins.
Preloading 1 native plugins for Editor in 0.21 ms.
Invoked RoslynAnalysisRunner static constructor.
RoslynAnalysisRunner will not be running.
RoslynAnalysisRunner has terminated.
Mono: successfully reloaded assembly
- Completed reload, in  6.770 seconds
Platform modules already initialized, skipping
Registering precompiled user dll's ...
Registered in 0.004663 seconds.
Begin MonoManager ReloadAssembly
Native extension for WindowsStandalone target not found
Refreshing native plugins compatible for Editor in 0.73 ms, found 3 plugins.
Preloading 1 native plugins for Editor in 0.16 ms.
Invoked RoslynAnalysisRunner static constructor.
RoslynAnalysisRunner will not be running.
RoslynAnalysisRunner has terminated.
[XR] OculusXRPlugin: registering subsystems
[XR] Unable to register display lifecyle provider: [1]
[XR] Oculus Input lifecycle provider registered.
[XR] Unable to register input lifecyle provider: [1]
[XR] OVRP version 1.57.0
Mono: successfully reloaded assembly
- Completed reload, in  1.149 seconds
Platform modules already initialized, skipping
========================================================================
Worker process is ready to serve import requests
Shader 'Oculus/OVRMRCameraFrameLit': fallback shader 'Alpha-Diffuse' not found
Launched and connected shader compiler UnityShaderCompiler.exe after 0.06 seconds
Refreshing native plugins compatible for Editor in 0.76 ms, found 3 plugins.
Preloading 1 native plugins for Editor in 0.12 ms.
Unloading 1595 Unused Serialized files (Serialized files now loaded: 0)
System memory in use before: 80.2 MB.
System memory in use after: 80.3 MB.

Unloading 28 unused Assets to reduce memory usage. Loaded Objects now: 2040.
Total: 3.036200 ms (FindLiveObjects: 0.334600 ms CreateObjectMapping: 0.071100 ms MarkObjects: 2.506100 ms  DeleteObjects: 0.123100 ms)

========================================================================
Received Import Request.
  path: Assets/Networking/TCPClientConnector.cs
  artifactKey: Guid(6ef11747de2d6ba4cb09808741291f74) Importer(815301076,1909f56bfc062723c751e8b465ee728b)
Start importing Assets/Networking/TCPClientConnector.cs using Guid(6ef11747de2d6ba4cb09808741291f74) Importer(815301076,1909f56bfc062723c751e8b465ee728b)  -> (artifact id: 'a1f085f3bb9ca2cd67672911136a2f22') in 0.032730 seconds
  Import took 0.037620 seconds .

========================================================================
Received Import Request.
  Time since last request: 0.000468 seconds.
  path: Assets/Networking/PythonExecutor.cs
  artifactKey: Guid(e1fdf39289b10bb42b1dec43770683e5) Importer(815301076,1909f56bfc062723c751e8b465ee728b)
Start importing Assets/Networking/PythonExecutor.cs using Guid(e1fdf39289b10bb42b1dec43770683e5) Importer(815301076,1909f56bfc062723c751e8b465ee728b)  -> (artifact id: '2b7d2c6fb8152d86300fd5b7d0beaabb') in 0.008438 seconds
  Import took 0.013062 seconds .

========================================================================
Received Import Request.
  Time since last request: 0.000485 seconds.
  path: Assets/Networking/PythonCommand.cs
  artifactKey: Guid(ce23e762b7a8ef74ab91ac47d003227a) Importer(815301076,1909f56bfc062723c751e8b465ee728b)
Start importing Assets/Networking/PythonCommand.cs using Guid(ce23e762b7a8ef74ab91ac47d003227a) Importer(815301076,1909f56bfc062723c751e8b465ee728b)  -> (artifact id: '14f585718cb03da2ea716a57bbcdadc9') in 0.008197 seconds
  Import took 0.011921 seconds .

AssetImportWorkerClient::OnTransportError - code=2 error=End of file
