Using pre-set license
Built from '2020.3/release' branch; Version is '2020.3.1f1 (77a89f25062f) revision 7841951'; Using compiler version '192528614'; Build Type 'Release'
OS: 'Windows 10 Home; OS build 19042.870; Version 2009; 64bit' Language: 'en' Physical Memory: 15791 MB
BatchMode: 1, IsHumanControllingUs: 0, StartBugReporterOnCrash: 0, Is64bit: 1, IsPro: 0

 COMMAND LINE ARGUMENTS:
C:\Program Files\Unity\Hub\Editor\2020.3.1f1\Editor\Unity.exe
-adb2
-batchMode
-noUpm
-name
AssetImportWorker0
-projectPath
C:/Users/Philip/Desktop/Github/MPIE/pyiron_VR
-logFile
Logs/AssetImportWorker0.log
-srvPort
52834
Successfully changed project path to: C:/Users/Philip/Desktop/Github/MPIE/pyiron_VR
C:/Users/Philip/Desktop/Github/MPIE/pyiron_VR
Using Asset Import Pipeline V2.
Refreshing native plugins compatible for Editor in 27.87 ms, found 3 plugins.
Preloading 1 native plugins for Editor in 0.77 ms.
Initialize engine version: 2020.3.1f1 (77a89f25062f)
[Subsystems] Discovering subsystems at path C:/Program Files/Unity/Hub/Editor/2020.3.1f1/Editor/Data/Resources/UnitySubsystems
[Subsystems] Discovering subsystems at path C:/Users/Philip/Desktop/Github/MPIE/pyiron_VR/Assets
GfxDevice: creating device client; threaded=0
Direct3D:
    Version:  Direct3D 11.0 [level 11.1]
    Renderer: NVIDIA GeForce RTX 3070 Laptop GPU (ID=0x249d)
    Vendor:   
    VRAM:     8044 MB
    Driver:   27.21.14.6192
Initialize mono
Mono path[0] = 'C:/Program Files/Unity/Hub/Editor/2020.3.1f1/Editor/Data/Managed'
Mono path[1] = 'C:/Program Files/Unity/Hub/Editor/2020.3.1f1/Editor/Data/MonoBleedingEdge/lib/mono/unityjit'
Mono config path = 'C:/Program Files/Unity/Hub/Editor/2020.3.1f1/Editor/Data/MonoBleedingEdge/etc'
Using monoOptions --debugger-agent=transport=dt_socket,embedding=1,server=y,suspend=n,address=127.0.0.1:56288
Begin MonoManager ReloadAssembly
Registering precompiled unity dll's ...
Register platform support module: C:/Program Files/Unity/Hub/Editor/2020.3.1f1/Editor/Data/PlaybackEngines/WindowsStandaloneSupport/UnityEditor.WindowsStandalone.Extensions.dll
Registered in 0.001555 seconds.
Native extension for WindowsStandalone target not found
Refreshing native plugins compatible for Editor in 23.52 ms, found 3 plugins.
Preloading 1 native plugins for Editor in 0.10 ms.
Invoked RoslynAnalysisRunner static constructor.
RoslynAnalysisRunner will not be running.
RoslynAnalysisRunner has terminated.
Mono: successfully reloaded assembly
- Completed reload, in  1.334 seconds
Platform modules already initialized, skipping
Registering precompiled user dll's ...
Registered in 0.002267 seconds.
Begin MonoManager ReloadAssembly
Native extension for WindowsStandalone target not found
Refreshing native plugins compatible for Editor in 0.41 ms, found 3 plugins.
Preloading 1 native plugins for Editor in 0.09 ms.
Invoked RoslynAnalysisRunner static constructor.
RoslynAnalysisRunner will not be running.
RoslynAnalysisRunner has terminated.
[XR] OculusXRPlugin: registering subsystems
[XR] Unable to register display lifecyle provider: [1]
[XR] Oculus Input lifecycle provider registered.
[XR] Unable to register input lifecyle provider: [1]
NullReferenceException: Object reference not set to an instance of an object
  at Unity.XR.Oculus.OculusLoader.AssetPathToAbsolutePath (System.String assetPath) [0x00048] in C:\Users\Philip\Desktop\Github\MPIE\pyiron_VR\Library\PackageCache\com.unity.xr.oculus@1.8.1\Runtime\OculusLoader.cs:243 
  at Unity.XR.Oculus.OculusLoader.EditorLoadOVRPlugin () [0x0007b] in C:\Users\Philip\Desktop\Github\MPIE\pyiron_VR\Library\PackageCache\com.unity.xr.oculus@1.8.1\Runtime\OculusLoader.cs:228 

(Filename: Library/PackageCache/com.unity.xr.oculus@1.8.1/Runtime/OculusLoader.cs Line: 243)

Mono: successfully reloaded assembly
- Completed reload, in  0.666 seconds
Platform modules already initialized, skipping
========================================================================
Worker process is ready to serve import requests
Launched and connected shader compiler UnityShaderCompiler.exe after 0.04 seconds
Refreshing native plugins compatible for Editor in 0.65 ms, found 3 plugins.
Preloading 1 native plugins for Editor in 0.13 ms.
Unloading 1175 Unused Serialized files (Serialized files now loaded: 0)
System memory in use before: 60.0 MB.
System memory in use after: 60.1 MB.

Unloading 18 unused Assets to reduce memory usage. Loaded Objects now: 1622.
Total: 1.974500 ms (FindLiveObjects: 0.193500 ms CreateObjectMapping: 0.031400 ms MarkObjects: 1.667600 ms  DeleteObjects: 0.080600 ms)

========================================================================
Received Import Request.
  path: Assets/MPIE_Logo_06.jpg
  artifactKey: Guid(5eacb9ec976bc204d85c740c7c9329fc) Importer(815301076,1909f56bfc062723c751e8b465ee728b)
Start importing Assets/MPIE_Logo_06.jpg using Guid(5eacb9ec976bc204d85c740c7c9329fc) Importer(815301076,1909f56bfc062723c751e8b465ee728b)  -> (artifact id: '25e5b102c6d8f649ef5203fdaee2d3b8') in 0.055666 seconds
  Import took 0.057711 seconds .

========================================================================
Received Import Request.
  Time since last request: 0.000228 seconds.
  path: Assets/pyiron-logo.png
  artifactKey: Guid(9cf9ae9cddf07be48a1951013410f7d1) Importer(815301076,1909f56bfc062723c751e8b465ee728b)
Start importing Assets/pyiron-logo.png using Guid(9cf9ae9cddf07be48a1951013410f7d1) Importer(815301076,1909f56bfc062723c751e8b465ee728b)  -> (artifact id: 'be58ed89a61f15cf99caaa0fb17aadab') in 0.020895 seconds
  Import took 0.022543 seconds .

========================================================================
Received Import Request.
  Time since last request: 10.457064 seconds.
  path: Assets/Scenes
  artifactKey: Guid(7bb19e2093900ad4fb16342b5a56772e) Importer(815301076,1909f56bfc062723c751e8b465ee728b)
Start importing Assets/Scenes using Guid(7bb19e2093900ad4fb16342b5a56772e) Importer(815301076,1909f56bfc062723c751e8b465ee728b)  -> (artifact id: '370f56868fadad62625eb7e513b9aeb6') in 0.005856 seconds
  Import took 0.007633 seconds .

========================================================================
Received Import Request.
  Time since last request: 0.004435 seconds.
  path: Assets/Scenes
  artifactKey: Guid(7bb19e2093900ad4fb16342b5a56772e) Importer(815301076,1909f56bfc062723c751e8b465ee728b)
Start importing Assets/Scenes using Guid(7bb19e2093900ad4fb16342b5a56772e) Importer(815301076,1909f56bfc062723c751e8b465ee728b)  -> (artifact id: '370f56868fadad62625eb7e513b9aeb6') in 0.002280 seconds
  Import took 0.004094 seconds .

========================================================================
Received Import Request.
  Time since last request: 3.566392 seconds.
  path: Assets/Scenes/VA_Main.unity
  artifactKey: Guid(5618d9b097ff13648863b691343cd6ae) Importer(815301076,1909f56bfc062723c751e8b465ee728b)
Start importing Assets/Scenes/VA_Main.unity using Guid(5618d9b097ff13648863b691343cd6ae) Importer(815301076,1909f56bfc062723c751e8b465ee728b)  -> (artifact id: '3c86ef102bb038b05f9cb5a1a462371e') in 0.007721 seconds
  Import took 0.010319 seconds .

========================================================================
Received Prepare
Registering precompiled user dll's ...
Registered in 0.002681 seconds.
Begin MonoManager ReloadAssembly
Native extension for WindowsStandalone target not found
Refreshing native plugins compatible for Editor in 0.39 ms, found 3 plugins.
Preloading 1 native plugins for Editor in 0.10 ms.
Invoked RoslynAnalysisRunner static constructor.
RoslynAnalysisRunner will not be running.
RoslynAnalysisRunner has terminated.
NullReferenceException: Object reference not set to an instance of an object
  at Unity.XR.Oculus.OculusLoader.AssetPathToAbsolutePath (System.String assetPath) [0x00048] in C:\Users\Philip\Desktop\Github\MPIE\pyiron_VR\Library\PackageCache\com.unity.xr.oculus@1.8.1\Runtime\OculusLoader.cs:243 
  at Unity.XR.Oculus.OculusLoader.EditorLoadOVRPlugin () [0x0007b] in C:\Users\Philip\Desktop\Github\MPIE\pyiron_VR\Library\PackageCache\com.unity.xr.oculus@1.8.1\Runtime\OculusLoader.cs:228 

(Filename: Library/PackageCache/com.unity.xr.oculus@1.8.1/Runtime/OculusLoader.cs Line: 243)

Mono: successfully reloaded assembly
- Completed reload, in  0.675 seconds
Platform modules already initialized, skipping
Refreshing native plugins compatible for Editor in 0.42 ms, found 3 plugins.
Preloading 1 native plugins for Editor in 0.10 ms.
Unloading 1154 Unused Serialized files (Serialized files now loaded: 0)
System memory in use before: 59.1 MB.
System memory in use after: 59.2 MB.

Unloading 9 unused Assets to reduce memory usage. Loaded Objects now: 1629.
Total: 2.096800 ms (FindLiveObjects: 0.200200 ms CreateObjectMapping: 0.038700 ms MarkObjects: 1.834500 ms  DeleteObjects: 0.022200 ms)

========================================================================
Received Prepare
Refreshing native plugins compatible for Editor in 1.56 ms, found 3 plugins.
Preloading 1 native plugins for Editor in 0.07 ms.
Unloading 6 Unused Serialized files (Serialized files now loaded: 0)
System memory in use before: 36.3 MB.
System memory in use after: 36.4 MB.

Unloading 6 unused Assets to reduce memory usage. Loaded Objects now: 1629.
Total: 1.817400 ms (FindLiveObjects: 0.160800 ms CreateObjectMapping: 0.030800 ms MarkObjects: 1.608000 ms  DeleteObjects: 0.016700 ms)

========================================================================
Received Prepare
Refreshing native plugins compatible for Editor in 1.33 ms, found 3 plugins.
Preloading 1 native plugins for Editor in 0.07 ms.
Unloading 6 Unused Serialized files (Serialized files now loaded: 0)
System memory in use before: 36.3 MB.
System memory in use after: 36.4 MB.

Unloading 6 unused Assets to reduce memory usage. Loaded Objects now: 1629.
Total: 1.692300 ms (FindLiveObjects: 0.199000 ms CreateObjectMapping: 0.035600 ms MarkObjects: 1.445800 ms  DeleteObjects: 0.011100 ms)

========================================================================
Received Prepare
Registering precompiled user dll's ...
Registered in 0.002129 seconds.
Begin MonoManager ReloadAssembly
Native extension for WindowsStandalone target not found
Refreshing native plugins compatible for Editor in 0.35 ms, found 3 plugins.
Preloading 1 native plugins for Editor in 0.08 ms.
Invoked RoslynAnalysisRunner static constructor.
RoslynAnalysisRunner will not be running.
RoslynAnalysisRunner has terminated.
NullReferenceException: Object reference not set to an instance of an object
  at Unity.XR.Oculus.OculusLoader.AssetPathToAbsolutePath (System.String assetPath) [0x00048] in C:\Users\Philip\Desktop\Github\MPIE\pyiron_VR\Library\PackageCache\com.unity.xr.oculus@1.8.1\Runtime\OculusLoader.cs:243 
  at Unity.XR.Oculus.OculusLoader.EditorLoadOVRPlugin () [0x0007b] in C:\Users\Philip\Desktop\Github\MPIE\pyiron_VR\Library\PackageCache\com.unity.xr.oculus@1.8.1\Runtime\OculusLoader.cs:228 

(Filename: Library/PackageCache/com.unity.xr.oculus@1.8.1/Runtime/OculusLoader.cs Line: 243)

Mono: successfully reloaded assembly
- Completed reload, in  0.623 seconds
Platform modules already initialized, skipping
Refreshing native plugins compatible for Editor in 0.33 ms, found 3 plugins.
Preloading 1 native plugins for Editor in 0.08 ms.
Unloading 1154 Unused Serialized files (Serialized files now loaded: 0)
System memory in use before: 59.2 MB.
System memory in use after: 59.3 MB.

Unloading 9 unused Assets to reduce memory usage. Loaded Objects now: 1633.
Total: 2.002600 ms (FindLiveObjects: 0.207400 ms CreateObjectMapping: 0.034800 ms MarkObjects: 1.741600 ms  DeleteObjects: 0.017100 ms)

========================================================================
Received Prepare
Refreshing native plugins compatible for Editor in 1.45 ms, found 3 plugins.
Preloading 1 native plugins for Editor in 0.07 ms.
Unloading 6 Unused Serialized files (Serialized files now loaded: 0)
System memory in use before: 36.4 MB.
System memory in use after: 36.5 MB.

Unloading 6 unused Assets to reduce memory usage. Loaded Objects now: 1633.
Total: 1.793700 ms (FindLiveObjects: 0.188800 ms CreateObjectMapping: 0.030500 ms MarkObjects: 1.559100 ms  DeleteObjects: 0.014300 ms)

========================================================================
Received Prepare
Registering precompiled user dll's ...
Registered in 0.004919 seconds.
Begin MonoManager ReloadAssembly
Native extension for WindowsStandalone target not found
Refreshing native plugins compatible for Editor in 0.37 ms, found 3 plugins.
Preloading 1 native plugins for Editor in 0.09 ms.
Invoked RoslynAnalysisRunner static constructor.
RoslynAnalysisRunner will not be running.
RoslynAnalysisRunner has terminated.
NullReferenceException: Object reference not set to an instance of an object
  at Unity.XR.Oculus.OculusLoader.AssetPathToAbsolutePath (System.String assetPath) [0x00048] in C:\Users\Philip\Desktop\Github\MPIE\pyiron_VR\Library\PackageCache\com.unity.xr.oculus@1.8.1\Runtime\OculusLoader.cs:243 
  at Unity.XR.Oculus.OculusLoader.EditorLoadOVRPlugin () [0x0007b] in C:\Users\Philip\Desktop\Github\MPIE\pyiron_VR\Library\PackageCache\com.unity.xr.oculus@1.8.1\Runtime\OculusLoader.cs:228 

(Filename: Library/PackageCache/com.unity.xr.oculus@1.8.1/Runtime/OculusLoader.cs Line: 243)

Mono: successfully reloaded assembly
- Completed reload, in  0.628 seconds
Platform modules already initialized, skipping
Refreshing native plugins compatible for Editor in 0.34 ms, found 3 plugins.
Preloading 1 native plugins for Editor in 0.08 ms.
Unloading 1154 Unused Serialized files (Serialized files now loaded: 0)
System memory in use before: 59.2 MB.
System memory in use after: 59.3 MB.

Unloading 9 unused Assets to reduce memory usage. Loaded Objects now: 1637.
Total: 2.347700 ms (FindLiveObjects: 0.293100 ms CreateObjectMapping: 0.039800 ms MarkObjects: 1.995100 ms  DeleteObjects: 0.017600 ms)

========================================================================
Received Import Request.
  Time since last request: 1975.401584 seconds.
  path: Assets/Scenes/VA_Main_Futuristic.unity
  artifactKey: Guid(f3c2b993825b08e4aa788fe1c1ff834f) Importer(815301076,1909f56bfc062723c751e8b465ee728b)
Start importing Assets/Scenes/VA_Main_Futuristic.unity using Guid(f3c2b993825b08e4aa788fe1c1ff834f) Importer(815301076,1909f56bfc062723c751e8b465ee728b)  -> (artifact id: 'e3fa0a28ebcef30f1a5a39845768e510') in 0.019467 seconds
  Import took 0.022131 seconds .

========================================================================
Received Import Request.
  Time since last request: 2.097006 seconds.
  path: Assets/Scenes/VA_Main_Backup2.unity
  artifactKey: Guid(0cb535d5a314f5f49a3c0413e54481b5) Importer(815301076,1909f56bfc062723c751e8b465ee728b)
Start importing Assets/Scenes/VA_Main_Backup2.unity using Guid(0cb535d5a314f5f49a3c0413e54481b5) Importer(815301076,1909f56bfc062723c751e8b465ee728b)  -> (artifact id: 'd0f44b75d580e473cfd3bb7ca026cd8a') in 0.007147 seconds
  Import took 0.009146 seconds .

========================================================================
Received Import Request.
  Time since last request: 46.237194 seconds.
  path: Assets/Prefabs/Atom.prefab
  artifactKey: Guid(984f1baf95753174d8bacb4520f8af21) Importer(815301076,1909f56bfc062723c751e8b465ee728b)
Start importing Assets/Prefabs/Atom.prefab using Guid(984f1baf95753174d8bacb4520f8af21) Importer(815301076,1909f56bfc062723c751e8b465ee728b)  -> (artifact id: 'eeb88d9a8ede91d41a0596097f205d0b') in 0.075659 seconds
  Import took 0.077594 seconds .

========================================================================
Received Import Request.
  Time since last request: 0.000182 seconds.
  path: Assets/Prefabs/Low-Poly Sphere.fbx
  artifactKey: Guid(077a969bf701ec0418d2d7ab68b74e9d) Importer(815301076,1909f56bfc062723c751e8b465ee728b)
Start importing Assets/Prefabs/Low-Poly Sphere.fbx using Guid(077a969bf701ec0418d2d7ab68b74e9d) Importer(815301076,1909f56bfc062723c751e8b465ee728b)  -> (artifact id: '71bea93d910b81d9ca79abba3ff4d0b4') in 0.078326 seconds
  Import took 0.079960 seconds .

========================================================================
Received Import Request.
  Time since last request: 0.000226 seconds.
  path: Assets/Prefabs/Trash Can.fbx
  artifactKey: Guid(6f727b0b5f495f047a6d7e4f85c189cd) Importer(815301076,1909f56bfc062723c751e8b465ee728b)
Start importing Assets/Prefabs/Trash Can.fbx using Guid(6f727b0b5f495f047a6d7e4f85c189cd) Importer(815301076,1909f56bfc062723c751e8b465ee728b)  -> (artifact id: '353ffb06722e68b6f758b5c3003b4c35') in 0.021362 seconds
  Import took 0.023225 seconds .

========================================================================
Received Import Request.
  Time since last request: 0.000226 seconds.
  path: Assets/Prefabs/CellboxBorder.prefab
  artifactKey: Guid(061d5d2957eb1c242a295aa9f27050b3) Importer(815301076,1909f56bfc062723c751e8b465ee728b)
Start importing Assets/Prefabs/CellboxBorder.prefab using Guid(061d5d2957eb1c242a295aa9f27050b3) Importer(815301076,1909f56bfc062723c751e8b465ee728b)  -> (artifact id: '2ea6537cc1b41628e0ef00908b23dde3') in 0.016334 seconds
  Import took 0.018157 seconds .

========================================================================
Received Import Request.
  Time since last request: 0.000234 seconds.
  path: Assets/Prefabs/Trash Can Top.fbx
  artifactKey: Guid(c7fd0042a41b47b43972f76f2803fa70) Importer(815301076,1909f56bfc062723c751e8b465ee728b)
Start importing Assets/Prefabs/Trash Can Top.fbx using Guid(c7fd0042a41b47b43972f76f2803fa70) Importer(815301076,1909f56bfc062723c751e8b465ee728b)  -> (artifact id: 'fe374a30a7e7055e4ae1c9e853c422b4') in 0.020921 seconds
  Import took 0.022995 seconds .

========================================================================
Received Import Request.
  Time since last request: 0.000231 seconds.
  path: Assets/Prefabs/CellboxBorder.prefab
  artifactKey: Guid(061d5d2957eb1c242a295aa9f27050b3) Importer(815301076,1909f56bfc062723c751e8b465ee728b)
Start importing Assets/Prefabs/CellboxBorder.prefab using Guid(061d5d2957eb1c242a295aa9f27050b3) Importer(815301076,1909f56bfc062723c751e8b465ee728b)  -> (artifact id: '2ea6537cc1b41628e0ef00908b23dde3') in 0.007570 seconds
  Import took 0.009387 seconds .

========================================================================
Received Import Request.
  Time since last request: 0.000207 seconds.
  path: Assets/Prefabs/PossiblePythonScript.prefab
  artifactKey: Guid(5bbe572b90e5c8a4ebe52d30887ed90a) Importer(815301076,1909f56bfc062723c751e8b465ee728b)
Start importing Assets/Prefabs/PossiblePythonScript.prefab using Guid(5bbe572b90e5c8a4ebe52d30887ed90a) Importer(815301076,1909f56bfc062723c751e8b465ee728b)  -> (artifact id: 'd746c02f8adc773623f8ae756105bd8b') in 0.018695 seconds
  Import took 0.020564 seconds .

========================================================================
Received Import Request.
  Time since last request: 0.000190 seconds.
  path: Assets/Prefabs/ProgressBar.fbx
  artifactKey: Guid(e9643798f45a6f741bb8ccb744271ff2) Importer(815301076,1909f56bfc062723c751e8b465ee728b)
Start importing Assets/Prefabs/ProgressBar.fbx using Guid(e9643798f45a6f741bb8ccb744271ff2) Importer(815301076,1909f56bfc062723c751e8b465ee728b)  -> (artifact id: 'f31c9c2a6987680b55d6fdee56d50172') in 0.046901 seconds
  Import took 0.048684 seconds .

========================================================================
Received Import Request.
  Time since last request: 0.000189 seconds.
  path: Assets/Prefabs/Thermometre.fbx
  artifactKey: Guid(8aea3b89c2893e847b08c0365b68b81c) Importer(815301076,1909f56bfc062723c751e8b465ee728b)
Start importing Assets/Prefabs/Thermometre.fbx using Guid(8aea3b89c2893e847b08c0365b68b81c) Importer(815301076,1909f56bfc062723c751e8b465ee728b)  -> (artifact id: 'bc4c1f4ce42d5e426072842393947f24') in 0.025418 seconds
  Import took 0.027329 seconds .

========================================================================
Received Import Request.
  Time since last request: 0.000213 seconds.
  path: Assets/Prefabs/Trashcan animation.fbx
  artifactKey: Guid(7f8e878b2b147b7448e3d279c02e28d7) Importer(815301076,1909f56bfc062723c751e8b465ee728b)
Start importing Assets/Prefabs/Trashcan animation.fbx using Guid(7f8e878b2b147b7448e3d279c02e28d7) Importer(815301076,1909f56bfc062723c751e8b465ee728b)  -> (artifact id: 'bd000ca104236799a3a8fbebe3220965') in 0.021679 seconds
  Import took 0.023679 seconds .

========================================================================
Received Import Request.
  Time since last request: 0.000191 seconds.
  path: Assets/Prefabs/Ground.prefab
  artifactKey: Guid(e9371da1dfdfa8c42a39e1cbb2a31185) Importer(815301076,1909f56bfc062723c751e8b465ee728b)
Start importing Assets/Prefabs/Ground.prefab using Guid(e9371da1dfdfa8c42a39e1cbb2a31185) Importer(815301076,1909f56bfc062723c751e8b465ee728b)  -> (artifact id: '8cc4928e87ed1b27627f226b05dc787e') in 0.114013 seconds
  Import took 0.115828 seconds .

========================================================================
Received Import Request.
  Time since last request: 0.000229 seconds.
  path: Assets/Prefabs/Hourglass3D.fbx
  artifactKey: Guid(c6051922833a67c409ff95faa487ffb0) Importer(815301076,1909f56bfc062723c751e8b465ee728b)
Start importing Assets/Prefabs/Hourglass3D.fbx using Guid(c6051922833a67c409ff95faa487ffb0) Importer(815301076,1909f56bfc062723c751e8b465ee728b)  -> (artifact id: '82faf90d1ee3cf0848d7cf0d302605ba') in 0.022155 seconds
  Import took 0.024104 seconds .

========================================================================
Received Import Request.
  Time since last request: 0.000194 seconds.
  path: Assets/Prefabs/Hourglass3D round.fbx
  artifactKey: Guid(531ea0f991cd94f4db9612ca715f572e) Importer(815301076,1909f56bfc062723c751e8b465ee728b)
Start importing Assets/Prefabs/Hourglass3D round.fbx using Guid(531ea0f991cd94f4db9612ca715f572e) Importer(815301076,1909f56bfc062723c751e8b465ee728b)  -> (artifact id: '0bacc790dd164e153c7b33175e2d84aa') in 0.022568 seconds
  Import took 0.024268 seconds .

========================================================================
Received Import Request.
  Time since last request: 0.000226 seconds.
  path: Assets/Prefabs/Laser.prefab
  artifactKey: Guid(cfe5218902eb13b4a8595fd6f33ff9aa) Importer(815301076,1909f56bfc062723c751e8b465ee728b)
Start importing Assets/Prefabs/Laser.prefab using Guid(cfe5218902eb13b4a8595fd6f33ff9aa) Importer(815301076,1909f56bfc062723c751e8b465ee728b)  -> (artifact id: 'e49abbd557a00efa864d73e9b46c86b2') in 0.016353 seconds
  Import took 0.018302 seconds .

========================================================================
Received Import Request.
  Time since last request: 0.000240 seconds.
  path: Assets/Prefabs/Hourglass.fbx
  artifactKey: Guid(6d8df21b447ecf04f8340bd7955c37dd) Importer(815301076,1909f56bfc062723c751e8b465ee728b)
Start importing Assets/Prefabs/Hourglass.fbx using Guid(6d8df21b447ecf04f8340bd7955c37dd) Importer(815301076,1909f56bfc062723c751e8b465ee728b)  -> (artifact id: 'c74f56e19b6f247e91d0459fd250828a') in 0.022381 seconds
  Import took 0.024455 seconds .

========================================================================
Received Import Request.
  Time since last request: 2.468201 seconds.
  path: Assets/Prefabs/UI/AnimationCanvas.prefab
  artifactKey: Guid(45bf0782d57db454f94f6606b4a47433) Importer(815301076,1909f56bfc062723c751e8b465ee728b)
Start importing Assets/Prefabs/UI/AnimationCanvas.prefab using Guid(45bf0782d57db454f94f6606b4a47433) Importer(815301076,1909f56bfc062723c751e8b465ee728b)  -> (artifact id: 'bd880b854017c5248f419d324ba96faf') in 0.023632 seconds
  Import took 0.025895 seconds .

========================================================================
Received Import Request.
  Time since last request: 0.000188 seconds.
  path: Assets/Prefabs/UI/InputfieldPrefab.prefab
  artifactKey: Guid(006cb71b586a8f54d866f955e014b9a6) Importer(815301076,1909f56bfc062723c751e8b465ee728b)
Start importing Assets/Prefabs/UI/InputfieldPrefab.prefab using Guid(006cb71b586a8f54d866f955e014b9a6) Importer(815301076,1909f56bfc062723c751e8b465ee728b)  -> (artifact id: '8557c4d42f9406c7c43af393b5c60d46') in 0.013154 seconds
  Import took 0.014903 seconds .

========================================================================
Received Import Request.
  Time since last request: 0.000220 seconds.
  path: Assets/Prefabs/UI/PathBtn.prefab
  artifactKey: Guid(b19ce627a7cd5274d8ddb0313655c891) Importer(815301076,1909f56bfc062723c751e8b465ee728b)
Start importing Assets/Prefabs/UI/PathBtn.prefab using Guid(b19ce627a7cd5274d8ddb0313655c891) Importer(815301076,1909f56bfc062723c751e8b465ee728b)  -> (artifact id: '73421a5c8ffa1969184645be7b3f15fd') in 0.009849 seconds
  Import took 0.011637 seconds .

========================================================================
Received Import Request.
  Time since last request: 0.000178 seconds.
  path: Assets/Prefabs/UI/FPSDisplay.prefab
  artifactKey: Guid(9b42379edf50ff248b5a4d5904faeb59) Importer(815301076,1909f56bfc062723c751e8b465ee728b)
Start importing Assets/Prefabs/UI/FPSDisplay.prefab using Guid(9b42379edf50ff248b5a4d5904faeb59) Importer(815301076,1909f56bfc062723c751e8b465ee728b)  -> (artifact id: '12f9fb03326d1c68c86c6143d9a64d9d') in 0.009276 seconds
  Import took 0.010971 seconds .

========================================================================
Received Import Request.
  Time since last request: 0.000194 seconds.
  path: Assets/Prefabs/UI/OptionsPanel.prefab
  artifactKey: Guid(07db931e09bce914daa5150ff167552b) Importer(815301076,1909f56bfc062723c751e8b465ee728b)
Start importing Assets/Prefabs/UI/OptionsPanel.prefab using Guid(07db931e09bce914daa5150ff167552b) Importer(815301076,1909f56bfc062723c751e8b465ee728b)  -> (artifact id: 'f0849d335689338d0280264816bd92d7') in 0.015222 seconds
  Import took 0.017192 seconds .

========================================================================
Received Import Request.
  Time since last request: 0.000193 seconds.
  path: Assets/Prefabs/UI/ModeController.prefab
  artifactKey: Guid(9449a21b2da854a4bb45e61c2d977823) Importer(815301076,1909f56bfc062723c751e8b465ee728b)
Start importing Assets/Prefabs/UI/ModeController.prefab using Guid(9449a21b2da854a4bb45e61c2d977823) Importer(815301076,1909f56bfc062723c751e8b465ee728b)  -> (artifact id: '343cce93655ef6e490ea86b0e8346ee1') in 0.009119 seconds
  Import took 0.010954 seconds .

========================================================================
Received Import Request.
  Time since last request: 0.000239 seconds.
  path: Assets/Prefabs/UI/MainPanel.prefab
  artifactKey: Guid(af0321ca4a2fdb2439b8fbb7471d9cfe) Importer(815301076,1909f56bfc062723c751e8b465ee728b)
Start importing Assets/Prefabs/UI/MainPanel.prefab using Guid(af0321ca4a2fdb2439b8fbb7471d9cfe) Importer(815301076,1909f56bfc062723c751e8b465ee728b)  -> (artifact id: '760740d72548c021b8ae12382f356399') in 0.008330 seconds
  Import took 0.010297 seconds .

========================================================================
Received Import Request.
  Time since last request: 0.000197 seconds.
  path: Assets/Prefabs/UI/ButtonPrefab.prefab
  artifactKey: Guid(f5db573448c85654cbc9444523537ec9) Importer(815301076,1909f56bfc062723c751e8b465ee728b)
Start importing Assets/Prefabs/UI/ButtonPrefab.prefab using Guid(f5db573448c85654cbc9444523537ec9) Importer(815301076,1909f56bfc062723c751e8b465ee728b)  -> (artifact id: 'ce52620edf4eb3240535a8d8092d3ab3') in 0.008948 seconds
  Import took 0.011246 seconds .

========================================================================
Received Import Request.
  Time since last request: 0.000231 seconds.
  path: Assets/Prefabs/UI/PeriodensystemCanvas-farbig 1.prefab
  artifactKey: Guid(750a2280ad0aec84ea5e7b2abfb3c38d) Importer(815301076,1909f56bfc062723c751e8b465ee728b)
Start importing Assets/Prefabs/UI/PeriodensystemCanvas-farbig 1.prefab using Guid(750a2280ad0aec84ea5e7b2abfb3c38d) Importer(815301076,1909f56bfc062723c751e8b465ee728b)  -> (artifact id: '7298ca48792ce3f5afff3d11d18ef80f') in 0.028782 seconds
  Import took 0.032968 seconds .

========================================================================
Received Import Request.
  Time since last request: 0.000229 seconds.
  path: Assets/Prefabs/UI/Modes.prefab
  artifactKey: Guid(794757f31832afd40aacc69660e0a05e) Importer(815301076,1909f56bfc062723c751e8b465ee728b)
Start importing Assets/Prefabs/UI/Modes.prefab using Guid(794757f31832afd40aacc69660e0a05e) Importer(815301076,1909f56bfc062723c751e8b465ee728b)  -> (artifact id: 'b1420e25cc5ae9bbac2eb0a725e86515') in 0.009193 seconds
  Import took 0.011281 seconds .

========================================================================
Received Import Request.
  Time since last request: 0.000201 seconds.
  path: Assets/Prefabs/UI/AtomAmount.prefab
  artifactKey: Guid(cc8a9d4a8cfc7e04888513099b65f05c) Importer(815301076,1909f56bfc062723c751e8b465ee728b)
Start importing Assets/Prefabs/UI/AtomAmount.prefab using Guid(cc8a9d4a8cfc7e04888513099b65f05c) Importer(815301076,1909f56bfc062723c751e8b465ee728b)  -> (artifact id: 'd024b695e768aa29274be7a7ddfa5611') in 0.009657 seconds
  Import took 0.011472 seconds .

========================================================================
Received Import Request.
  Time since last request: 0.000202 seconds.
  path: Assets/Prefabs/UI/MenuBtn.prefab
  artifactKey: Guid(3f9ba19fd88b76547a0e5f5dd1fb8f74) Importer(815301076,1909f56bfc062723c751e8b465ee728b)
Start importing Assets/Prefabs/UI/MenuBtn.prefab using Guid(3f9ba19fd88b76547a0e5f5dd1fb8f74) Importer(815301076,1909f56bfc062723c751e8b465ee728b)  -> (artifact id: 'bd839c2a17c9a3060eb6886fd6a16a42') in 0.009339 seconds
  Import took 0.011583 seconds .

========================================================================
Received Import Request.
  Time since last request: 0.000310 seconds.
  path: Assets/Prefabs/UI
  artifactKey: Guid(a1154f53f0ae5564b950e77412d213d7) Importer(815301076,1909f56bfc062723c751e8b465ee728b)
Start importing Assets/Prefabs/UI using Guid(a1154f53f0ae5564b950e77412d213d7) Importer(815301076,1909f56bfc062723c751e8b465ee728b)  -> (artifact id: '4066982f85ed407a35963001f539728a') in 0.007172 seconds
  Import took 0.009004 seconds .

========================================================================
Received Import Request.
  Time since last request: 0.000185 seconds.
  path: Assets/Prefabs/UI/StructureOptionButton.prefab
  artifactKey: Guid(dbc06750af77d264084a81d9d520d1ec) Importer(815301076,1909f56bfc062723c751e8b465ee728b)
Start importing Assets/Prefabs/UI/StructureOptionButton.prefab using Guid(dbc06750af77d264084a81d9d520d1ec) Importer(815301076,1909f56bfc062723c751e8b465ee728b)  -> (artifact id: 'd730e2efb4b271f75f073e95e9c72b92') in 0.008561 seconds
  Import took 0.010312 seconds .

========================================================================
Received Import Request.
  Time since last request: 0.000236 seconds.
  path: Assets/Prefabs/UI/ElementButton.prefab
  artifactKey: Guid(366e2ba7f4b60af4d84ee1a2e6c450a6) Importer(815301076,1909f56bfc062723c751e8b465ee728b)
Start importing Assets/Prefabs/UI/ElementButton.prefab using Guid(366e2ba7f4b60af4d84ee1a2e6c450a6) Importer(815301076,1909f56bfc062723c751e8b465ee728b)  -> (artifact id: 'bece008cac1afea4bbca98eb2c75abc3') in 0.009702 seconds
  Import took 0.011841 seconds .

========================================================================
Received Import Request.
  Time since last request: 0.000227 seconds.
  path: Assets/Prefabs/UI/ModeOption.prefab
  artifactKey: Guid(544284ff5118da44ebc8ac3cd11b66c5) Importer(815301076,1909f56bfc062723c751e8b465ee728b)
Start importing Assets/Prefabs/UI/ModeOption.prefab using Guid(544284ff5118da44ebc8ac3cd11b66c5) Importer(815301076,1909f56bfc062723c751e8b465ee728b)  -> (artifact id: '228661fd06797ca6777fa1210a8b1e0e') in 0.009132 seconds
  Import took 0.011153 seconds .

========================================================================
Received Import Request.
  Time since last request: 0.000260 seconds.
  path: Assets/Prefabs/UI/TogglePrefab.prefab
  artifactKey: Guid(60513d73bff529d4990ef85ab4935428) Importer(815301076,1909f56bfc062723c751e8b465ee728b)
Start importing Assets/Prefabs/UI/TogglePrefab.prefab using Guid(60513d73bff529d4990ef85ab4935428) Importer(815301076,1909f56bfc062723c751e8b465ee728b)  -> (artifact id: 'cd1302e355159f8e7aecf41dacd01dfe') in 0.009041 seconds
  Import took 0.011043 seconds .

========================================================================
Received Import Request.
  Time since last request: 0.000236 seconds.
  path: Assets/Prefabs/UI/DropdownPrefab.prefab
  artifactKey: Guid(8457ed876ce7c47469ddcac60745f7e9) Importer(815301076,1909f56bfc062723c751e8b465ee728b)
Start importing Assets/Prefabs/UI/DropdownPrefab.prefab using Guid(8457ed876ce7c47469ddcac60745f7e9) Importer(815301076,1909f56bfc062723c751e8b465ee728b)  -> (artifact id: '1fe01f2ddbb5661ec0937ce74c4710d4') in 0.015453 seconds
  Import took 0.018206 seconds .

========================================================================
Received Import Request.
  Time since last request: 50.230376 seconds.
  path: Assets/Prefabs/UI/PathBtn.prefab
  artifactKey: Guid(b19ce627a7cd5274d8ddb0313655c891) Importer(815301076,1909f56bfc062723c751e8b465ee728b)
Start importing Assets/Prefabs/UI/PathBtn.prefab using Guid(b19ce627a7cd5274d8ddb0313655c891) Importer(815301076,1909f56bfc062723c751e8b465ee728b)  -> (artifact id: '91edd2f64a9a2b5fd2a5c3bcca4c88a1') in 0.004812 seconds
  Import took 0.006897 seconds .

========================================================================
Received Import Request.
  Time since last request: 242.129684 seconds.
  path: Assets/Scripts/Input
  artifactKey: Guid(a520d63bb8beec4439bfa4482e77af57) Importer(815301076,1909f56bfc062723c751e8b465ee728b)
Start importing Assets/Scripts/Input using Guid(a520d63bb8beec4439bfa4482e77af57) Importer(815301076,1909f56bfc062723c751e8b465ee728b)  -> (artifact id: '299325ae96c1df5b7d24bef9a8193aa8') in 0.007671 seconds
  Import took 0.009740 seconds .

========================================================================
Received Import Request.
  Time since last request: 5.293113 seconds.
  path: Assets/Scripts/Input/LaserGrabber.cs
  artifactKey: Guid(102fec99df4a1a74db4ba54c99f4b039) Importer(815301076,1909f56bfc062723c751e8b465ee728b)
Start importing Assets/Scripts/Input/LaserGrabber.cs using Guid(102fec99df4a1a74db4ba54c99f4b039) Importer(815301076,1909f56bfc062723c751e8b465ee728b)  -> (artifact id: '66daf8a3329e3908723897b775cefd9b') in 0.009100 seconds
  Import took 0.011077 seconds .

========================================================================
Received Import Request.
  Time since last request: 225.098560 seconds.
  path: Assets/Scripts/Input/LaserGrabber.cs
  artifactKey: Guid(102fec99df4a1a74db4ba54c99f4b039) Importer(815301076,1909f56bfc062723c751e8b465ee728b)
Start importing Assets/Scripts/Input/LaserGrabber.cs using Guid(102fec99df4a1a74db4ba54c99f4b039) Importer(815301076,1909f56bfc062723c751e8b465ee728b)  -> (artifact id: '7d3547bc71390b55affa9ca4987ba504') in 0.003166 seconds
  Import took 0.005494 seconds .

========================================================================
Received Import Request.
  Time since last request: 73.536916 seconds.
  path: Assets/Scripts/Modes
  artifactKey: Guid(72d14f7be2bf5724995f18efee7610f1) Importer(815301076,1909f56bfc062723c751e8b465ee728b)
Start importing Assets/Scripts/Modes using Guid(72d14f7be2bf5724995f18efee7610f1) Importer(815301076,1909f56bfc062723c751e8b465ee728b)  -> (artifact id: '918c79d20afec67625ecfe539ed954f3') in 0.002569 seconds
  Import took 0.004510 seconds .

========================================================================
Received Import Request.
  Time since last request: 3.621589 seconds.
  path: Assets/Scripts/Structure
  artifactKey: Guid(ce985205c181e134aa2cf7473113064a) Importer(815301076,1909f56bfc062723c751e8b465ee728b)
Start importing Assets/Scripts/Structure using Guid(ce985205c181e134aa2cf7473113064a) Importer(815301076,1909f56bfc062723c751e8b465ee728b)  -> (artifact id: '532775fa86f89c9fd1fb1ddf45c42740') in 0.007792 seconds
  Import took 0.009751 seconds .

========================================================================
Received Import Request.
  Time since last request: 3.909118 seconds.
  path: Assets/Scripts/Structure/AnimationController.cs
  artifactKey: Guid(061b35ed0bd8beb458a22a240e4f1091) Importer(815301076,1909f56bfc062723c751e8b465ee728b)
Start importing Assets/Scripts/Structure/AnimationController.cs using Guid(061b35ed0bd8beb458a22a240e4f1091) Importer(815301076,1909f56bfc062723c751e8b465ee728b)  -> (artifact id: '9fed0c55a550d149a01283fe1474314c') in 0.007206 seconds
  Import took 0.009273 seconds .

========================================================================
Received Import Request.
  Time since last request: 0.001058 seconds.
  path: Assets/Scripts/Structure/AnimationController.cs
  artifactKey: Guid(061b35ed0bd8beb458a22a240e4f1091) Importer(815301076,1909f56bfc062723c751e8b465ee728b)
Start importing Assets/Scripts/Structure/AnimationController.cs using Guid(061b35ed0bd8beb458a22a240e4f1091) Importer(815301076,1909f56bfc062723c751e8b465ee728b)  -> (artifact id: '9fed0c55a550d149a01283fe1474314c') in 0.003376 seconds
  Import took 0.005267 seconds .

========================================================================
Received Import Request.
  Time since last request: 211.038986 seconds.
  path: Assets/Scripts/Structure/AnimationController.cs
  artifactKey: Guid(061b35ed0bd8beb458a22a240e4f1091) Importer(815301076,1909f56bfc062723c751e8b465ee728b)
Start importing Assets/Scripts/Structure/AnimationController.cs using Guid(061b35ed0bd8beb458a22a240e4f1091) Importer(815301076,1909f56bfc062723c751e8b465ee728b)  -> (artifact id: '7dc32112fc726b5b9f9e331f72dbeb89') in 0.002849 seconds
  Import took 0.005562 seconds .

========================================================================
Received Prepare
Registering precompiled user dll's ...
Registered in 0.002497 seconds.
Begin MonoManager ReloadAssembly
Native extension for WindowsStandalone target not found
Refreshing native plugins compatible for Editor in 0.35 ms, found 3 plugins.
Preloading 1 native plugins for Editor in 0.09 ms.
Invoked RoslynAnalysisRunner static constructor.
RoslynAnalysisRunner will not be running.
RoslynAnalysisRunner has terminated.
NullReferenceException: Object reference not set to an instance of an object
  at Unity.XR.Oculus.OculusLoader.AssetPathToAbsolutePath (System.String assetPath) [0x00048] in C:\Users\Philip\Desktop\Github\MPIE\pyiron_VR\Library\PackageCache\com.unity.xr.oculus@1.8.1\Runtime\OculusLoader.cs:243 
  at Unity.XR.Oculus.OculusLoader.EditorLoadOVRPlugin () [0x0007b] in C:\Users\Philip\Desktop\Github\MPIE\pyiron_VR\Library\PackageCache\com.unity.xr.oculus@1.8.1\Runtime\OculusLoader.cs:228 

(Filename: Library/PackageCache/com.unity.xr.oculus@1.8.1/Runtime/OculusLoader.cs Line: 243)

Mono: successfully reloaded assembly
- Completed reload, in  0.633 seconds
Platform modules already initialized, skipping
Refreshing native plugins compatible for Editor in 0.35 ms, found 3 plugins.
Preloading 1 native plugins for Editor in 0.08 ms.
Unloading 1154 Unused Serialized files (Serialized files now loaded: 0)
System memory in use before: 77.9 MB.
System memory in use after: 78.0 MB.

Unloading 14 unused Assets to reduce memory usage. Loaded Objects now: 1694.
Total: 1.908100 ms (FindLiveObjects: 0.198200 ms CreateObjectMapping: 0.033900 ms MarkObjects: 1.643100 ms  DeleteObjects: 0.031900 ms)

========================================================================
Received Import Request.
  Time since last request: 493.656074 seconds.
  path: Assets/Scripts/Structure/AnimationController.cs
  artifactKey: Guid(061b35ed0bd8beb458a22a240e4f1091) Importer(815301076,1909f56bfc062723c751e8b465ee728b)
Start importing Assets/Scripts/Structure/AnimationController.cs using Guid(061b35ed0bd8beb458a22a240e4f1091) Importer(815301076,1909f56bfc062723c751e8b465ee728b)  -> (artifact id: '4e6b1d0c6e0fd39110b134b799f76129') in 0.004654 seconds
  Import took 0.006481 seconds .

========================================================================
Received Import Request.
  Time since last request: 0.113451 seconds.
  path: Assets/Scripts/Structure/AnimationController.cs
  artifactKey: Guid(061b35ed0bd8beb458a22a240e4f1091) Importer(815301076,1909f56bfc062723c751e8b465ee728b)
Start importing Assets/Scripts/Structure/AnimationController.cs using Guid(061b35ed0bd8beb458a22a240e4f1091) Importer(815301076,1909f56bfc062723c751e8b465ee728b)  -> (artifact id: '4e6b1d0c6e0fd39110b134b799f76129') in 0.002771 seconds
  Import took 0.004922 seconds .

========================================================================
Received Prepare
Registering precompiled user dll's ...
Registered in 0.002372 seconds.
Begin MonoManager ReloadAssembly
Native extension for WindowsStandalone target not found
Refreshing native plugins compatible for Editor in 0.35 ms, found 3 plugins.
Preloading 1 native plugins for Editor in 0.08 ms.
Invoked RoslynAnalysisRunner static constructor.
RoslynAnalysisRunner will not be running.
RoslynAnalysisRunner has terminated.
NullReferenceException: Object reference not set to an instance of an object
  at Unity.XR.Oculus.OculusLoader.AssetPathToAbsolutePath (System.String assetPath) [0x00048] in C:\Users\Philip\Desktop\Github\MPIE\pyiron_VR\Library\PackageCache\com.unity.xr.oculus@1.8.1\Runtime\OculusLoader.cs:243 
  at Unity.XR.Oculus.OculusLoader.EditorLoadOVRPlugin () [0x0007b] in C:\Users\Philip\Desktop\Github\MPIE\pyiron_VR\Library\PackageCache\com.unity.xr.oculus@1.8.1\Runtime\OculusLoader.cs:228 

(Filename: Library/PackageCache/com.unity.xr.oculus@1.8.1/Runtime/OculusLoader.cs Line: 243)

Mono: successfully reloaded assembly
- Completed reload, in  0.595 seconds
Platform modules already initialized, skipping
Refreshing native plugins compatible for Editor in 0.35 ms, found 3 plugins.
Preloading 1 native plugins for Editor in 0.08 ms.
Unloading 1154 Unused Serialized files (Serialized files now loaded: 0)
System memory in use before: 78.0 MB.
System memory in use after: 78.1 MB.

Unloading 9 unused Assets to reduce memory usage. Loaded Objects now: 1698.
Total: 1.924300 ms (FindLiveObjects: 0.224400 ms CreateObjectMapping: 0.033400 ms MarkObjects: 1.645800 ms  DeleteObjects: 0.020000 ms)

========================================================================
Received Import Request.
  Time since last request: 294.938931 seconds.
  path: Assets/Scripts/Structure/Outdated
  artifactKey: Guid(78da75532e767444499bf1abd909decd) Importer(815301076,1909f56bfc062723c751e8b465ee728b)
Start importing Assets/Scripts/Structure/Outdated using Guid(78da75532e767444499bf1abd909decd) Importer(815301076,1909f56bfc062723c751e8b465ee728b)  -> (artifact id: '93a1f7c0f158401496b5daec328bc1dd') in 0.009761 seconds
  Import took 0.011904 seconds .

========================================================================
Received Import Request.
  Time since last request: 2.222029 seconds.
  path: Assets/Scripts/Structure/Outdated/AtomInfos.cs
  artifactKey: Guid(8724dfcaf8e445c4ebdbb1669096322c) Importer(815301076,1909f56bfc062723c751e8b465ee728b)
Start importing Assets/Scripts/Structure/Outdated/AtomInfos.cs using Guid(8724dfcaf8e445c4ebdbb1669096322c) Importer(815301076,1909f56bfc062723c751e8b465ee728b)  -> (artifact id: '49ee7fa15c4d583eac11c06ea603f5fd') in 0.006965 seconds
  Import took 0.008985 seconds .

========================================================================
Received Import Request.
  Time since last request: 3.451482 seconds.
  path: Assets/Scripts/Structure/Outdated/ImportStructure.cs
  artifactKey: Guid(fb48f29600a0e8f48ad286d8a259fa77) Importer(815301076,1909f56bfc062723c751e8b465ee728b)
Start importing Assets/Scripts/Structure/Outdated/ImportStructure.cs using Guid(fb48f29600a0e8f48ad286d8a259fa77) Importer(815301076,1909f56bfc062723c751e8b465ee728b)  -> (artifact id: '8febaf8f896e530c7de86ec31c1da25e') in 0.007092 seconds
  Import took 0.009565 seconds .

========================================================================
Received Import Request.
  Time since last request: 0.001598 seconds.
  path: Assets/Scripts/Structure/Outdated/ImportStructure.cs
  artifactKey: Guid(fb48f29600a0e8f48ad286d8a259fa77) Importer(815301076,1909f56bfc062723c751e8b465ee728b)
Start importing Assets/Scripts/Structure/Outdated/ImportStructure.cs using Guid(fb48f29600a0e8f48ad286d8a259fa77) Importer(815301076,1909f56bfc062723c751e8b465ee728b)  -> (artifact id: '8febaf8f896e530c7de86ec31c1da25e') in 0.002495 seconds
  Import took 0.004489 seconds .

========================================================================
Received Import Request.
  Time since last request: 1.081403 seconds.
  path: Assets/Scripts/Structure/Outdated/StructureDataOld.cs
  artifactKey: Guid(00395ebfd5457f9409b27d29f06eb8ff) Importer(815301076,1909f56bfc062723c751e8b465ee728b)
Start importing Assets/Scripts/Structure/Outdated/StructureDataOld.cs using Guid(00395ebfd5457f9409b27d29f06eb8ff) Importer(815301076,1909f56bfc062723c751e8b465ee728b)  -> (artifact id: '3dd7cdfe4abf08a81233ab8f13bb0c0d') in 0.006946 seconds
  Import took 0.008953 seconds .

========================================================================
Received Import Request.
  Time since last request: 0.001658 seconds.
  path: Assets/Scripts/Structure/Outdated/StructureDataOld.cs
  artifactKey: Guid(00395ebfd5457f9409b27d29f06eb8ff) Importer(815301076,1909f56bfc062723c751e8b465ee728b)
Start importing Assets/Scripts/Structure/Outdated/StructureDataOld.cs using Guid(00395ebfd5457f9409b27d29f06eb8ff) Importer(815301076,1909f56bfc062723c751e8b465ee728b)  -> (artifact id: '3dd7cdfe4abf08a81233ab8f13bb0c0d') in 0.003190 seconds
  Import took 0.005438 seconds .

========================================================================
Received Prepare
Registering precompiled user dll's ...
Registered in 0.002334 seconds.
Begin MonoManager ReloadAssembly
Native extension for WindowsStandalone target not found
Refreshing native plugins compatible for Editor in 0.59 ms, found 3 plugins.
Preloading 1 native plugins for Editor in 0.14 ms.
Invoked RoslynAnalysisRunner static constructor.
RoslynAnalysisRunner will not be running.
RoslynAnalysisRunner has terminated.
NullReferenceException: Object reference not set to an instance of an object
  at Unity.XR.Oculus.OculusLoader.AssetPathToAbsolutePath (System.String assetPath) [0x00048] in C:\Users\Philip\Desktop\Github\MPIE\pyiron_VR\Library\PackageCache\com.unity.xr.oculus@1.8.1\Runtime\OculusLoader.cs:243 
  at Unity.XR.Oculus.OculusLoader.EditorLoadOVRPlugin () [0x0007b] in C:\Users\Philip\Desktop\Github\MPIE\pyiron_VR\Library\PackageCache\com.unity.xr.oculus@1.8.1\Runtime\OculusLoader.cs:228 

(Filename: Library/PackageCache/com.unity.xr.oculus@1.8.1/Runtime/OculusLoader.cs Line: 243)

Mono: successfully reloaded assembly
- Completed reload, in  0.670 seconds
Platform modules already initialized, skipping
Refreshing native plugins compatible for Editor in 0.35 ms, found 3 plugins.
Preloading 1 native plugins for Editor in 0.08 ms.
Unloading 1154 Unused Serialized files (Serialized files now loaded: 0)
System memory in use before: 78.0 MB.
System memory in use after: 78.1 MB.

Unloading 9 unused Assets to reduce memory usage. Loaded Objects now: 1702.
Total: 1.964600 ms (FindLiveObjects: 0.183000 ms CreateObjectMapping: 0.035200 ms MarkObjects: 1.727200 ms  DeleteObjects: 0.018000 ms)

========================================================================
Received Prepare
Registering precompiled user dll's ...
Registered in 0.002335 seconds.
Begin MonoManager ReloadAssembly
Native extension for WindowsStandalone target not found
Refreshing native plugins compatible for Editor in 0.37 ms, found 3 plugins.
Preloading 1 native plugins for Editor in 0.09 ms.
Invoked RoslynAnalysisRunner static constructor.
RoslynAnalysisRunner will not be running.
RoslynAnalysisRunner has terminated.
NullReferenceException: Object reference not set to an instance of an object
  at Unity.XR.Oculus.OculusLoader.AssetPathToAbsolutePath (System.String assetPath) [0x00048] in C:\Users\Philip\Desktop\Github\MPIE\pyiron_VR\Library\PackageCache\com.unity.xr.oculus@1.8.1\Runtime\OculusLoader.cs:243 
  at Unity.XR.Oculus.OculusLoader.EditorLoadOVRPlugin () [0x0007b] in C:\Users\Philip\Desktop\Github\MPIE\pyiron_VR\Library\PackageCache\com.unity.xr.oculus@1.8.1\Runtime\OculusLoader.cs:228 

(Filename: Library/PackageCache/com.unity.xr.oculus@1.8.1/Runtime/OculusLoader.cs Line: 243)

Mono: successfully reloaded assembly
- Completed reload, in  0.611 seconds
Platform modules already initialized, skipping
Refreshing native plugins compatible for Editor in 0.35 ms, found 3 plugins.
Preloading 1 native plugins for Editor in 0.08 ms.
Unloading 1154 Unused Serialized files (Serialized files now loaded: 0)
System memory in use before: 78.0 MB.
System memory in use after: 78.1 MB.

Unloading 9 unused Assets to reduce memory usage. Loaded Objects now: 1706.
Total: 1.858200 ms (FindLiveObjects: 0.198000 ms CreateObjectMapping: 0.033200 ms MarkObjects: 1.611400 ms  DeleteObjects: 0.014600 ms)

========================================================================
Received Prepare
Registering precompiled user dll's ...
Registered in 0.002267 seconds.
Begin MonoManager ReloadAssembly
Native extension for WindowsStandalone target not found
Refreshing native plugins compatible for Editor in 0.39 ms, found 3 plugins.
Preloading 1 native plugins for Editor in 0.09 ms.
Invoked RoslynAnalysisRunner static constructor.
RoslynAnalysisRunner will not be running.
RoslynAnalysisRunner has terminated.
NullReferenceException: Object reference not set to an instance of an object
  at Unity.XR.Oculus.OculusLoader.AssetPathToAbsolutePath (System.String assetPath) [0x00048] in C:\Users\Philip\Desktop\Github\MPIE\pyiron_VR\Library\PackageCache\com.unity.xr.oculus@1.8.1\Runtime\OculusLoader.cs:243 
  at Unity.XR.Oculus.OculusLoader.EditorLoadOVRPlugin () [0x0007b] in C:\Users\Philip\Desktop\Github\MPIE\pyiron_VR\Library\PackageCache\com.unity.xr.oculus@1.8.1\Runtime\OculusLoader.cs:228 

(Filename: Library/PackageCache/com.unity.xr.oculus@1.8.1/Runtime/OculusLoader.cs Line: 243)

Mono: successfully reloaded assembly
- Completed reload, in  0.643 seconds
Platform modules already initialized, skipping
Refreshing native plugins compatible for Editor in 0.34 ms, found 3 plugins.
Preloading 1 native plugins for Editor in 0.08 ms.
Unloading 1154 Unused Serialized files (Serialized files now loaded: 0)
System memory in use before: 78.0 MB.
System memory in use after: 78.1 MB.

Unloading 9 unused Assets to reduce memory usage. Loaded Objects now: 1710.
Total: 1.893400 ms (FindLiveObjects: 0.226900 ms CreateObjectMapping: 0.036600 ms MarkObjects: 1.612600 ms  DeleteObjects: 0.016100 ms)

========================================================================
Received Prepare
Registering precompiled user dll's ...
Registered in 0.002371 seconds.
Begin MonoManager ReloadAssembly
Native extension for WindowsStandalone target not found
Refreshing native plugins compatible for Editor in 0.36 ms, found 3 plugins.
Preloading 1 native plugins for Editor in 0.09 ms.
Invoked RoslynAnalysisRunner static constructor.
RoslynAnalysisRunner will not be running.
RoslynAnalysisRunner has terminated.
NullReferenceException: Object reference not set to an instance of an object
  at Unity.XR.Oculus.OculusLoader.AssetPathToAbsolutePath (System.String assetPath) [0x00048] in C:\Users\Philip\Desktop\Github\MPIE\pyiron_VR\Library\PackageCache\com.unity.xr.oculus@1.8.1\Runtime\OculusLoader.cs:243 
  at Unity.XR.Oculus.OculusLoader.EditorLoadOVRPlugin () [0x0007b] in C:\Users\Philip\Desktop\Github\MPIE\pyiron_VR\Library\PackageCache\com.unity.xr.oculus@1.8.1\Runtime\OculusLoader.cs:228 

(Filename: Library/PackageCache/com.unity.xr.oculus@1.8.1/Runtime/OculusLoader.cs Line: 243)

Mono: successfully reloaded assembly
- Completed reload, in  0.664 seconds
Platform modules already initialized, skipping
Refreshing native plugins compatible for Editor in 0.39 ms, found 3 plugins.
Preloading 1 native plugins for Editor in 0.10 ms.
Unloading 1154 Unused Serialized files (Serialized files now loaded: 0)
System memory in use before: 78.0 MB.
System memory in use after: 78.1 MB.

Unloading 9 unused Assets to reduce memory usage. Loaded Objects now: 1714.
Total: 1.706200 ms (FindLiveObjects: 0.175200 ms CreateObjectMapping: 0.034400 ms MarkObjects: 1.480700 ms  DeleteObjects: 0.015100 ms)

========================================================================
Received Prepare
Registering precompiled user dll's ...
Registered in 0.002315 seconds.
Begin MonoManager ReloadAssembly
Native extension for WindowsStandalone target not found
Refreshing native plugins compatible for Editor in 0.50 ms, found 3 plugins.
Preloading 1 native plugins for Editor in 0.11 ms.
Invoked RoslynAnalysisRunner static constructor.
RoslynAnalysisRunner will not be running.
RoslynAnalysisRunner has terminated.
NullReferenceException: Object reference not set to an instance of an object
  at Unity.XR.Oculus.OculusLoader.AssetPathToAbsolutePath (System.String assetPath) [0x00048] in C:\Users\Philip\Desktop\Github\MPIE\pyiron_VR\Library\PackageCache\com.unity.xr.oculus@1.8.1\Runtime\OculusLoader.cs:243 
  at Unity.XR.Oculus.OculusLoader.EditorLoadOVRPlugin () [0x0007b] in C:\Users\Philip\Desktop\Github\MPIE\pyiron_VR\Library\PackageCache\com.unity.xr.oculus@1.8.1\Runtime\OculusLoader.cs:228 

(Filename: Library/PackageCache/com.unity.xr.oculus@1.8.1/Runtime/OculusLoader.cs Line: 243)

Mono: successfully reloaded assembly
- Completed reload, in  0.646 seconds
Platform modules already initialized, skipping
Refreshing native plugins compatible for Editor in 0.36 ms, found 3 plugins.
Preloading 1 native plugins for Editor in 0.08 ms.
Unloading 1154 Unused Serialized files (Serialized files now loaded: 0)
System memory in use before: 78.0 MB.
System memory in use after: 78.1 MB.

Unloading 9 unused Assets to reduce memory usage. Loaded Objects now: 1718.
Total: 1.980400 ms (FindLiveObjects: 0.206100 ms CreateObjectMapping: 0.047500 ms MarkObjects: 1.704500 ms  DeleteObjects: 0.020800 ms)

========================================================================
Received Prepare
Registering precompiled user dll's ...
Registered in 0.002581 seconds.
Begin MonoManager ReloadAssembly
Native extension for WindowsStandalone target not found
Refreshing native plugins compatible for Editor in 0.35 ms, found 3 plugins.
Preloading 1 native plugins for Editor in 0.09 ms.
Invoked RoslynAnalysisRunner static constructor.
RoslynAnalysisRunner will not be running.
RoslynAnalysisRunner has terminated.
NullReferenceException: Object reference not set to an instance of an object
  at Unity.XR.Oculus.OculusLoader.AssetPathToAbsolutePath (System.String assetPath) [0x00048] in C:\Users\Philip\Desktop\Github\MPIE\pyiron_VR\Library\PackageCache\com.unity.xr.oculus@1.8.1\Runtime\OculusLoader.cs:243 
  at Unity.XR.Oculus.OculusLoader.EditorLoadOVRPlugin () [0x0007b] in C:\Users\Philip\Desktop\Github\MPIE\pyiron_VR\Library\PackageCache\com.unity.xr.oculus@1.8.1\Runtime\OculusLoader.cs:228 

(Filename: Library/PackageCache/com.unity.xr.oculus@1.8.1/Runtime/OculusLoader.cs Line: 243)

Mono: successfully reloaded assembly
- Completed reload, in  0.629 seconds
Platform modules already initialized, skipping
Refreshing native plugins compatible for Editor in 0.36 ms, found 3 plugins.
Preloading 1 native plugins for Editor in 0.08 ms.
Unloading 1154 Unused Serialized files (Serialized files now loaded: 0)
System memory in use before: 78.0 MB.
System memory in use after: 78.1 MB.

Unloading 9 unused Assets to reduce memory usage. Loaded Objects now: 1722.
Total: 2.204200 ms (FindLiveObjects: 0.366600 ms CreateObjectMapping: 0.061900 ms MarkObjects: 1.756900 ms  DeleteObjects: 0.017600 ms)

========================================================================
Received Prepare
Registering precompiled user dll's ...
Registered in 0.002394 seconds.
Begin MonoManager ReloadAssembly
Native extension for WindowsStandalone target not found
Refreshing native plugins compatible for Editor in 0.58 ms, found 3 plugins.
Preloading 1 native plugins for Editor in 0.09 ms.
Invoked RoslynAnalysisRunner static constructor.
RoslynAnalysisRunner will not be running.
RoslynAnalysisRunner has terminated.
NullReferenceException: Object reference not set to an instance of an object
  at Unity.XR.Oculus.OculusLoader.AssetPathToAbsolutePath (System.String assetPath) [0x00048] in C:\Users\Philip\Desktop\Github\MPIE\pyiron_VR\Library\PackageCache\com.unity.xr.oculus@1.8.1\Runtime\OculusLoader.cs:243 
  at Unity.XR.Oculus.OculusLoader.EditorLoadOVRPlugin () [0x0007b] in C:\Users\Philip\Desktop\Github\MPIE\pyiron_VR\Library\PackageCache\com.unity.xr.oculus@1.8.1\Runtime\OculusLoader.cs:228 

(Filename: Library/PackageCache/com.unity.xr.oculus@1.8.1/Runtime/OculusLoader.cs Line: 243)

Mono: successfully reloaded assembly
- Completed reload, in  0.602 seconds
Platform modules already initialized, skipping
Refreshing native plugins compatible for Editor in 0.35 ms, found 3 plugins.
Preloading 1 native plugins for Editor in 0.08 ms.
Unloading 1154 Unused Serialized files (Serialized files now loaded: 0)
System memory in use before: 78.0 MB.
System memory in use after: 78.1 MB.

Unloading 9 unused Assets to reduce memory usage. Loaded Objects now: 1726.
Total: 2.255600 ms (FindLiveObjects: 0.356700 ms CreateObjectMapping: 0.070400 ms MarkObjects: 1.810800 ms  DeleteObjects: 0.016000 ms)

========================================================================
Received Prepare
Registering precompiled user dll's ...
Registered in 0.002538 seconds.
Begin MonoManager ReloadAssembly
Native extension for WindowsStandalone target not found
Refreshing native plugins compatible for Editor in 0.44 ms, found 3 plugins.
Preloading 1 native plugins for Editor in 0.09 ms.
Invoked RoslynAnalysisRunner static constructor.
RoslynAnalysisRunner will not be running.
RoslynAnalysisRunner has terminated.
NullReferenceException: Object reference not set to an instance of an object
  at Unity.XR.Oculus.OculusLoader.AssetPathToAbsolutePath (System.String assetPath) [0x00048] in C:\Users\Philip\Desktop\Github\MPIE\pyiron_VR\Library\PackageCache\com.unity.xr.oculus@1.8.1\Runtime\OculusLoader.cs:243 
  at Unity.XR.Oculus.OculusLoader.EditorLoadOVRPlugin () [0x0007b] in C:\Users\Philip\Desktop\Github\MPIE\pyiron_VR\Library\PackageCache\com.unity.xr.oculus@1.8.1\Runtime\OculusLoader.cs:228 

(Filename: Library/PackageCache/com.unity.xr.oculus@1.8.1/Runtime/OculusLoader.cs Line: 243)

Mono: successfully reloaded assembly
- Completed reload, in  0.655 seconds
Platform modules already initialized, skipping
Refreshing native plugins compatible for Editor in 0.43 ms, found 3 plugins.
Preloading 1 native plugins for Editor in 0.08 ms.
Unloading 1154 Unused Serialized files (Serialized files now loaded: 0)
System memory in use before: 78.0 MB.
System memory in use after: 78.1 MB.

Unloading 9 unused Assets to reduce memory usage. Loaded Objects now: 1730.
Total: 2.145800 ms (FindLiveObjects: 0.260000 ms CreateObjectMapping: 0.075600 ms MarkObjects: 1.791100 ms  DeleteObjects: 0.017700 ms)

========================================================================
Received Import Request.
  Time since last request: 622.091955 seconds.
  path: Assets/Scripts/Structure/Outdated/ImportStructure.cs
  artifactKey: Guid(fb48f29600a0e8f48ad286d8a259fa77) Importer(815301076,1909f56bfc062723c751e8b465ee728b)
Start importing Assets/Scripts/Structure/Outdated/ImportStructure.cs using Guid(fb48f29600a0e8f48ad286d8a259fa77) Importer(815301076,1909f56bfc062723c751e8b465ee728b)  -> (artifact id: '97f5d09bade448920ee2a96374fdce6f') in 0.005085 seconds
  Import took 0.007154 seconds .

========================================================================
Received Import Request.
  Time since last request: 0.001329 seconds.
  path: Assets/Scripts/Structure/Outdated/ImportStructure.cs
  artifactKey: Guid(fb48f29600a0e8f48ad286d8a259fa77) Importer(815301076,1909f56bfc062723c751e8b465ee728b)
Start importing Assets/Scripts/Structure/Outdated/ImportStructure.cs using Guid(fb48f29600a0e8f48ad286d8a259fa77) Importer(815301076,1909f56bfc062723c751e8b465ee728b)  -> (artifact id: '97f5d09bade448920ee2a96374fdce6f') in 0.002827 seconds
  Import took 0.004784 seconds .

========================================================================
Received Prepare
Registering precompiled user dll's ...
Registered in 0.002557 seconds.
Begin MonoManager ReloadAssembly
Native extension for WindowsStandalone target not found
Refreshing native plugins compatible for Editor in 0.37 ms, found 3 plugins.
Preloading 1 native plugins for Editor in 0.10 ms.
Invoked RoslynAnalysisRunner static constructor.
RoslynAnalysisRunner will not be running.
RoslynAnalysisRunner has terminated.
NullReferenceException: Object reference not set to an instance of an object
  at Unity.XR.Oculus.OculusLoader.AssetPathToAbsolutePath (System.String assetPath) [0x00048] in C:\Users\Philip\Desktop\Github\MPIE\pyiron_VR\Library\PackageCache\com.unity.xr.oculus@1.8.1\Runtime\OculusLoader.cs:243 
  at Unity.XR.Oculus.OculusLoader.EditorLoadOVRPlugin () [0x0007b] in C:\Users\Philip\Desktop\Github\MPIE\pyiron_VR\Library\PackageCache\com.unity.xr.oculus@1.8.1\Runtime\OculusLoader.cs:228 

(Filename: Library/PackageCache/com.unity.xr.oculus@1.8.1/Runtime/OculusLoader.cs Line: 243)

Mono: successfully reloaded assembly
- Completed reload, in  0.650 seconds
Platform modules already initialized, skipping
Refreshing native plugins compatible for Editor in 0.36 ms, found 3 plugins.
Preloading 1 native plugins for Editor in 0.08 ms.
Unloading 1153 Unused Serialized files (Serialized files now loaded: 0)
System memory in use before: 78.0 MB.
System memory in use after: 78.1 MB.

Unloading 10 unused Assets to reduce memory usage. Loaded Objects now: 1733.
Total: 1.885700 ms (FindLiveObjects: 0.197700 ms CreateObjectMapping: 0.034200 ms MarkObjects: 1.634500 ms  DeleteObjects: 0.018500 ms)

========================================================================
Received Prepare
Registering precompiled user dll's ...
Registered in 0.002634 seconds.
Begin MonoManager ReloadAssembly
Native extension for WindowsStandalone target not found
Refreshing native plugins compatible for Editor in 0.54 ms, found 3 plugins.
Preloading 1 native plugins for Editor in 0.11 ms.
Invoked RoslynAnalysisRunner static constructor.
RoslynAnalysisRunner will not be running.
RoslynAnalysisRunner has terminated.
NullReferenceException: Object reference not set to an instance of an object
  at Unity.XR.Oculus.OculusLoader.AssetPathToAbsolutePath (System.String assetPath) [0x00048] in C:\Users\Philip\Desktop\Github\MPIE\pyiron_VR\Library\PackageCache\com.unity.xr.oculus@1.8.1\Runtime\OculusLoader.cs:243 
  at Unity.XR.Oculus.OculusLoader.EditorLoadOVRPlugin () [0x0007b] in C:\Users\Philip\Desktop\Github\MPIE\pyiron_VR\Library\PackageCache\com.unity.xr.oculus@1.8.1\Runtime\OculusLoader.cs:228 

(Filename: Library/PackageCache/com.unity.xr.oculus@1.8.1/Runtime/OculusLoader.cs Line: 243)

Mono: successfully reloaded assembly
- Completed reload, in  0.656 seconds
Platform modules already initialized, skipping
Refreshing native plugins compatible for Editor in 0.63 ms, found 3 plugins.
Preloading 1 native plugins for Editor in 0.13 ms.
Unloading 1153 Unused Serialized files (Serialized files now loaded: 0)
System memory in use before: 78.0 MB.
System memory in use after: 78.1 MB.

Unloading 9 unused Assets to reduce memory usage. Loaded Objects now: 1737.
Total: 1.797900 ms (FindLiveObjects: 0.271400 ms CreateObjectMapping: 0.040400 ms MarkObjects: 1.469200 ms  DeleteObjects: 0.015900 ms)

========================================================================
Received Import Request.
  Time since last request: 213.717019 seconds.
  path: Assets/Scripts/Structure/Outdated/StructureDataOld.cs
  artifactKey: Guid(00395ebfd5457f9409b27d29f06eb8ff) Importer(815301076,1909f56bfc062723c751e8b465ee728b)
Start importing Assets/Scripts/Structure/Outdated/StructureDataOld.cs using Guid(00395ebfd5457f9409b27d29f06eb8ff) Importer(815301076,1909f56bfc062723c751e8b465ee728b)  -> (artifact id: 'c10f5ff393549318bc6cd2834abb0980') in 0.005635 seconds
  Import took 0.008091 seconds .

========================================================================
Received Import Request.
  Time since last request: 0.083814 seconds.
  path: Assets/Scripts/Structure/Outdated/StructureDataOld.cs
  artifactKey: Guid(00395ebfd5457f9409b27d29f06eb8ff) Importer(815301076,1909f56bfc062723c751e8b465ee728b)
Start importing Assets/Scripts/Structure/Outdated/StructureDataOld.cs using Guid(00395ebfd5457f9409b27d29f06eb8ff) Importer(815301076,1909f56bfc062723c751e8b465ee728b)  -> (artifact id: 'c10f5ff393549318bc6cd2834abb0980') in 0.002848 seconds
  Import took 0.005135 seconds .

========================================================================
Received Prepare
Registering precompiled user dll's ...
Registered in 0.002997 seconds.
Begin MonoManager ReloadAssembly
Native extension for WindowsStandalone target not found
Refreshing native plugins compatible for Editor in 0.45 ms, found 3 plugins.
Preloading 1 native plugins for Editor in 0.11 ms.
Invoked RoslynAnalysisRunner static constructor.
RoslynAnalysisRunner will not be running.
RoslynAnalysisRunner has terminated.
NullReferenceException: Object reference not set to an instance of an object
  at Unity.XR.Oculus.OculusLoader.AssetPathToAbsolutePath (System.String assetPath) [0x00048] in C:\Users\Philip\Desktop\Github\MPIE\pyiron_VR\Library\PackageCache\com.unity.xr.oculus@1.8.1\Runtime\OculusLoader.cs:243 
  at Unity.XR.Oculus.OculusLoader.EditorLoadOVRPlugin () [0x0007b] in C:\Users\Philip\Desktop\Github\MPIE\pyiron_VR\Library\PackageCache\com.unity.xr.oculus@1.8.1\Runtime\OculusLoader.cs:228 

(Filename: Library/PackageCache/com.unity.xr.oculus@1.8.1/Runtime/OculusLoader.cs Line: 243)

Mono: successfully reloaded assembly
- Completed reload, in  0.637 seconds
Platform modules already initialized, skipping
Refreshing native plugins compatible for Editor in 0.40 ms, found 3 plugins.
Preloading 1 native plugins for Editor in 0.08 ms.
Unloading 1152 Unused Serialized files (Serialized files now loaded: 0)
System memory in use before: 78.0 MB.
System memory in use after: 78.1 MB.

Unloading 10 unused Assets to reduce memory usage. Loaded Objects now: 1740.
Total: 1.883500 ms (FindLiveObjects: 0.277800 ms CreateObjectMapping: 0.065500 ms MarkObjects: 1.520800 ms  DeleteObjects: 0.018200 ms)

========================================================================
Received Prepare
Registering precompiled user dll's ...
Registered in 0.002677 seconds.
Begin MonoManager ReloadAssembly
Native extension for WindowsStandalone target not found
Refreshing native plugins compatible for Editor in 0.36 ms, found 3 plugins.
Preloading 1 native plugins for Editor in 0.09 ms.
Invoked RoslynAnalysisRunner static constructor.
RoslynAnalysisRunner will not be running.
RoslynAnalysisRunner has terminated.
NullReferenceException: Object reference not set to an instance of an object
  at Unity.XR.Oculus.OculusLoader.AssetPathToAbsolutePath (System.String assetPath) [0x00048] in C:\Users\Philip\Desktop\Github\MPIE\pyiron_VR\Library\PackageCache\com.unity.xr.oculus@1.8.1\Runtime\OculusLoader.cs:243 
  at Unity.XR.Oculus.OculusLoader.EditorLoadOVRPlugin () [0x0007b] in C:\Users\Philip\Desktop\Github\MPIE\pyiron_VR\Library\PackageCache\com.unity.xr.oculus@1.8.1\Runtime\OculusLoader.cs:228 

(Filename: Library/PackageCache/com.unity.xr.oculus@1.8.1/Runtime/OculusLoader.cs Line: 243)

Mono: successfully reloaded assembly
- Completed reload, in  0.634 seconds
Platform modules already initialized, skipping
Refreshing native plugins compatible for Editor in 0.36 ms, found 3 plugins.
Preloading 1 native plugins for Editor in 0.08 ms.
Unloading 1151 Unused Serialized files (Serialized files now loaded: 0)
System memory in use before: 78.0 MB.
System memory in use after: 78.1 MB.

Unloading 10 unused Assets to reduce memory usage. Loaded Objects now: 1743.
Total: 1.925900 ms (FindLiveObjects: 0.208600 ms CreateObjectMapping: 0.038300 ms MarkObjects: 1.659700 ms  DeleteObjects: 0.018200 ms)

