
=== Thu Oct 17 13:07:27 2019

Packages were changed.
Update Mode: updateDependencies

The following packages were added:
  com.unity.2d.tilemap@1.0.0
  com.unity.ext.nunit@1.0.0
  com.unity.test-framework@1.0.13
  com.unity.2d.sprite@1.0.0
  com.unity.ide.vscode@1.1.0
  com.unity.ide.rider@1.1.0
  com.unity.ugui@1.0.0
  com.unity.modules.androidjni@1.0.0
The following packages were updated:
  com.unity.package-manager-ui from version 2.1.2 to 2.2.0

=== Wed Apr  8 18:35:31 2020

Packages were changed.
Update Mode: updateDependencies

The following packages were updated:
  com.unity.analytics from version 3.3.2 to 3.3.5
  com.unity.ide.rider from version 1.1.0 to 1.1.4
  com.unity.mobile.android-logcat from version 1.0.0 to 1.1.1
  com.unity.test-framework from version 1.0.13 to 1.1.13
  com.unity.xr.oculus.android from version 1.38.6 to 2.38.4
The following packages were removed:
  com.unity.package-manager-ui@2.2.0

=== Sat Dec 19 16:47:54 2020

Packages were changed.
Update Mode: updateDependencies

The following packages were updated:
  com.unity.mobile.android-logcat from version 1.1.1 to 1.2.0
  com.unity.test-framework from version 1.1.13 to 1.1.18
  com.unity.xr.legacyinputhelpers from version 1.3.11 to 2.1.4
  com.unity.xr.management from version 3.0.6 to 3.2.16

=== Sun Apr  4 21:46:32 2021

Packages were changed.
Update Mode: updateDependencies

The following packages were added:
  com.unity.ide.visualstudio@2.0.7
The following packages were updated:
  com.unity.analytics from version 3.3.5 to 3.5.3
  com.unity.ext.nunit from version 1.0.0 to 1.0.6
  com.unity.ide.rider from version 1.1.4 to 2.0.7
  com.unity.mobile.android-logcat from version 1.2.0 to 1.2.1
  com.unity.test-framework from version 1.1.18 to 1.1.22
  com.unity.textmeshpro from version 2.0.1 to 3.0.1
  com.unity.xr.oculus from version 1.6.1 to 1.8.1
